<?xml version="1.0" encoding="UTF-8"?>
<!-- Generated by org.testng.reporters.JUnitReportReporter -->
<testsuite hostname="D-113096382" failures="0" tests="1" name="com.learnautomation.testcases.LoginToProviewGroups_Test" time="18.058" errors="0" timestamp="2022-07-18T17:00:36 IST" skipped="0">
  <testcase classname="com.learnautomation.testcases.LoginToProviewGroups_Test" name="loginApp" time="18.058"/>
  <system-out/>
</testsuite> <!-- com.learnautomation.testcases.LoginToProviewGroups_Test -->
